Flow report for DDS
Mon Jul 16 20:21:41 2012
Quartus II 32-bit Version 11.1 Build 259 01/25/2012 Service Pack 2 SJ Web Edition


---------------------
; Table of Contents ;
---------------------
  1. Legal Notice
  2. Flow Summary
  3. Flow Settings
  4. Flow Non-Default Global Settings
  5. Flow Elapsed Time
  6. Flow OS Summary
  7. Flow Log



----------------
; Legal Notice ;
----------------
Copyright (C) 1991-2011 Altera Corporation
Your use of Altera Corporation's design tools, logic functions 
and other software and tools, and its AMPP partner logic 
functions, and any output files from any of the foregoing 
(including device programming or simulation files), and any 
associated documentation or information are expressly subject 
to the terms and conditions of the Altera Program License 
Subscription Agreement, Altera MegaCore Function License 
Agreement, or other applicable license agreement, including, 
without limitation, that your use is for the sole purpose of 
programming logic devices manufactured by Altera and sold by 
Altera or its authorized distributors.  Please refer to the 
applicable agreement for further details.



+------------------------------------------------------------------------------------+
; Flow Summary                                                                       ;
+------------------------------------+-----------------------------------------------+
; Flow Status                        ; Successful - Mon Jul 16 20:21:39 2012         ;
; Quartus II 32-bit Version          ; 11.1 Build 259 01/25/2012 SP 2 SJ Web Edition ;
; Revision Name                      ; DDS                                           ;
; Top-level Entity Name              ; dds                                           ;
; Family                             ; Cyclone II                                    ;
; Device                             ; EP2C5T144C6                                   ;
; Timing Models                      ; Final                                         ;
; Total logic elements               ; 342 / 4,608 ( 7 % )                           ;
;     Total combinational functions  ; 284 / 4,608 ( 6 % )                           ;
;     Dedicated logic registers      ; 211 / 4,608 ( 5 % )                           ;
; Total registers                    ; 211                                           ;
; Total pins                         ; 72 / 89 ( 81 % )                              ;
; Total virtual pins                 ; 0                                             ;
; Total memory bits                  ; 32,768 / 119,808 ( 27 % )                     ;
; Embedded Multiplier 9-bit elements ; 0 / 26 ( 0 % )                                ;
; Total PLLs                         ; 1 / 2 ( 50 % )                                ;
+------------------------------------+-----------------------------------------------+


+-----------------------------------------+
; Flow Settings                           ;
+-------------------+---------------------+
; Option            ; Setting             ;
+-------------------+---------------------+
; Start date & time ; 07/16/2012 20:21:32 ;
; Main task         ; Compilation         ;
; Revision Name     ; DDS                 ;
+-------------------+---------------------+


+--------------------------------------------------------------------------------------------------------------------------------------------------------------------------------+
; Flow Non-Default Global Settings                                                                                                                                               ;
+-------------------------------------+--------------------------------------------------------------------------------------------+---------------+----------------+------------+
; Assignment Name                     ; Value                                                                                      ; Default Value ; Entity Name    ; Section Id ;
+-------------------------------------+--------------------------------------------------------------------------------------------+---------------+----------------+------------+
; COMPILER_SIGNATURE_ID               ; 70787611830466.134249529104528                                                             ; --            ; --             ; --         ;
; IP_TOOL_NAME                        ; ALTPLL                                                                                     ; --            ; --             ; --         ;
; IP_TOOL_NAME                        ; RAM: 2-PORT                                                                                ; --            ; --             ; --         ;
; IP_TOOL_VERSION                     ; 11.1                                                                                       ; --            ; --             ; --         ;
; IP_TOOL_VERSION                     ; 11.1                                                                                       ; --            ; --             ; --         ;
; MAX_CORE_JUNCTION_TEMP              ; 85                                                                                         ; --            ; --             ; --         ;
; MIN_CORE_JUNCTION_TEMP              ; 0                                                                                          ; --            ; --             ; --         ;
; MISC_FILE                           ; C:/Documents and Settings/data-taker/Desktop/DDS/DDS.dpf                                   ; --            ; --             ; --         ;
; MISC_FILE                           ; dds_pll.cmp                                                                                ; --            ; --             ; --         ;
; MISC_FILE                           ; dds_pll.ppf                                                                                ; --            ; --             ; --         ;
; MISC_FILE                           ; dds_ram.cmp                                                                                ; --            ; --             ; --         ;
; MISC_FILE                           ; C:/Users/3/Dropbox/WORK/VHDL/CycloneII/HONG_DDS_2012_03_09/DDS.dpf                         ; --            ; --             ; --         ;
; MISC_FILE                           ; C:/Users/lattice/Desktop/Hong_work/Dropbox/WORK/VHDL/CycloneII/HONG_DDS_2012_03_09/DDS.dpf ; --            ; --             ; --         ;
; PARTITION_COLOR                     ; 16764057                                                                                   ; --            ; --             ; Top        ;
; PARTITION_COLOR                     ; 16764057                                                                                   ; --            ; dds_controller ; Top        ;
; PARTITION_FITTER_PRESERVATION_LEVEL ; PLACEMENT_AND_ROUTING                                                                      ; --            ; --             ; Top        ;
; PARTITION_FITTER_PRESERVATION_LEVEL ; PLACEMENT_AND_ROUTING                                                                      ; --            ; dds_controller ; Top        ;
; PARTITION_NETLIST_TYPE              ; SOURCE                                                                                     ; --            ; --             ; Top        ;
; PARTITION_NETLIST_TYPE              ; SOURCE                                                                                     ; --            ; dds_controller ; Top        ;
+-------------------------------------+--------------------------------------------------------------------------------------------+---------------+----------------+------------+


+-------------------------------------------------------------------------------------------------------------------------------+
; Flow Elapsed Time                                                                                                             ;
+---------------------------+--------------+-------------------------+---------------------+------------------------------------+
; Module Name               ; Elapsed Time ; Average Processors Used ; Peak Virtual Memory ; Total CPU Time (on all processors) ;
+---------------------------+--------------+-------------------------+---------------------+------------------------------------+
; Analysis & Synthesis      ; 00:00:03     ; 1.0                     ; 337 MB              ; 00:00:03                           ;
; Fitter                    ; 00:00:02     ; 1.0                     ; 343 MB              ; 00:00:02                           ;
; Assembler                 ; 00:00:01     ; 1.0                     ; 279 MB              ; 00:00:01                           ;
; TimeQuest Timing Analyzer ; 00:00:03     ; 1.0                     ; 275 MB              ; 00:00:01                           ;
; Total                     ; 00:00:09     ; --                      ; --                  ; 00:00:07                           ;
+---------------------------+--------------+-------------------------+---------------------+------------------------------------+


+----------------------------------------------------------------------------------------+
; Flow OS Summary                                                                        ;
+---------------------------+------------------+-----------+------------+----------------+
; Module Name               ; Machine Hostname ; OS Name   ; OS Version ; Processor type ;
+---------------------------+------------------+-----------+------------+----------------+
; Analysis & Synthesis      ; 3-PC             ; Windows 7 ; 6.1        ; x86_64         ;
; Fitter                    ; 3-PC             ; Windows 7 ; 6.1        ; x86_64         ;
; Assembler                 ; 3-PC             ; Windows 7 ; 6.1        ; x86_64         ;
; TimeQuest Timing Analyzer ; 3-PC             ; Windows 7 ; 6.1        ; x86_64         ;
+---------------------------+------------------+-----------+------------+----------------+


------------
; Flow Log ;
------------
quartus_map --read_settings_files=on --write_settings_files=off DDS -c DDS
quartus_fit --read_settings_files=off --write_settings_files=off DDS -c DDS
quartus_asm --read_settings_files=off --write_settings_files=off DDS -c DDS
quartus_sta DDS -c DDS



