INFO:sim:172 - Generating IP...
Applying current project options...
Finished applying current project options.
WARNING:sim - A core named 'readout_count_fifo' already exists in the project.
   Output products for this core may be overwritten.
Resolving generics for 'readout_count_fifo'...
WARNING:sim - A core named 'readout_count_fifo' already exists in the project.
   Output products for this core may be overwritten.
Applying external generics to 'readout_count_fifo'...
Delivering associated files for 'readout_count_fifo'...
WARNING:sim - Component fifo_generator_v9_1 does not have a valid model name for
   VHDL synthesis
Delivering EJava files for 'readout_count_fifo'...
Generating implementation netlist for 'readout_count_fifo'...
INFO:sim - Pre-processing HDL files for 'readout_count_fifo'...
WARNING:sim - BlackBox generator run option '-ifmt' found multiple times. Only
   the first occurence is considered.
Running synthesis for 'readout_count_fifo'
Running ngcbuild...
Writing VHO instantiation template for 'readout_count_fifo'...
Writing VHDL behavioral simulation model for 'readout_count_fifo'...
Generating ASY schematic symbol...
INFO:sim:949 - Finished generation of ASY schematic symbol.
Generating SYM schematic symbol for 'readout_count_fifo'...
Generating metadata file...
Generating ISE project...
XCO file found: readout_count_fifo.xco
XMDF file found: readout_count_fifo_xmdf.tcl
Adding
C:/Users/lattice/Desktop/LabRAD/FPGA_firmware/Pulser_w_readout_fluorescence/phot
on/ipcore_dir/tmp/_cg/readout_count_fifo.asy -view all -origin_type imported
Adding
C:/Users/lattice/Desktop/LabRAD/FPGA_firmware/Pulser_w_readout_fluorescence/phot
on/ipcore_dir/tmp/_cg/readout_count_fifo.ngc -view all -origin_type created
Checking file
"C:/Users/lattice/Desktop/LabRAD/FPGA_firmware/Pulser_w_readout_fluorescence/pho
ton/ipcore_dir/tmp/_cg/readout_count_fifo.ngc" for project device match ...
File
"C:/Users/lattice/Desktop/LabRAD/FPGA_firmware/Pulser_w_readout_fluorescence/pho
ton/ipcore_dir/tmp/_cg/readout_count_fifo.ngc" device information matches
project device.
Adding
C:/Users/lattice/Desktop/LabRAD/FPGA_firmware/Pulser_w_readout_fluorescence/phot
on/ipcore_dir/tmp/_cg/readout_count_fifo.sym -view all -origin_type imported
Adding
C:/Users/lattice/Desktop/LabRAD/FPGA_firmware/Pulser_w_readout_fluorescence/phot
on/ipcore_dir/tmp/_cg/readout_count_fifo.vhd -view all -origin_type created
INFO:HDLCompiler:1061 - Parsing VHDL file
   "C:/Users/lattice/Desktop/LabRAD/FPGA_firmware/Pulser_w_readout_fluorescence/
   photon/ipcore_dir/tmp/_cg/readout_count_fifo.vhd" into library work
INFO:ProjectMgmt - Parsing design hierarchy completed successfully.
Adding
C:/Users/lattice/Desktop/LabRAD/FPGA_firmware/Pulser_w_readout_fluorescence/phot
on/ipcore_dir/tmp/_cg/readout_count_fifo.vho -view all -origin_type imported
INFO:TclTasksC:2116 - The automatic calculation of top has been turned-off.
   Please set the new top explicitly by running the "project set top" command.
   To re-calculate the new top automatically, set the "Auto Implementation Top"
   property to true.
Top level has been set to "/readout_count_fifo"
Generating README file...
Generating FLIST file...
INFO:sim:948 - Finished FLIST file generation.
Launching README viewer...
Moving files to output directory...
Finished moving files to output directory
Wrote CGP file for project 'readout_count_fifo'.
